

================================================================
== Vivado HLS Report for 'dilate'
================================================================
* Date:           Sun Apr 23 06:44:52 2023

* Version:        2018.3 (Build 2405991 on Thu Dec 06 23:56:15 MST 2018)
* Project:        sample
* Solution:       solution1
* Product family: aartix7
* Target device:  xa7a12tcsg325-1q


================================================================
== Performance Estimates
================================================================
+ Timing (ns): 
    * Summary: 
    +--------+-------+----------+------------+
    |  Clock | Target| Estimated| Uncertainty|
    +--------+-------+----------+------------+
    |ap_clk  |  10.00|     7.630|        1.25|
    +--------+-------+----------+------------+

+ Latency (clock cycles): 
    * Summary: 
    +----------+----------+----------+----------+---------+
    |       Latency       |       Interval      | Pipeline|
    |    min   |    max   |    min   |    max   |   Type  |
    +----------+----------+----------+----------+---------+
    |  19928072|  19928072|  19928072|  19928072|   none  |
    +----------+----------+----------+----------+---------+

    + Detail: 
        * Instance: 
        N/A

        * Loop: 
        +-------------------------+----------+----------+----------+-----------+-----------+------+----------+
        |                         |       Latency       | Iteration|  Initiation Interval  | Trip |          |
        |        Loop Name        |    min   |    max   |  Latency |  achieved |   target  | Count| Pipelined|
        +-------------------------+----------+----------+----------+-----------+-----------+------+----------+
        |- Loop 1                 |    525312|    525312|      1026|          -|          -|   512|    no    |
        | + Loop 1.1              |      1024|      1024|         2|          -|          -|   512|    no    |
        |- Loop 2                 |  19402758|  19402758|   9701379|          -|          -|     2|    no    |
        | + Loop 2.1              |   9176064|   9176064|     17922|          -|          -|   512|    no    |
        |  ++ Loop 2.1.1          |     17920|     17920|        35|          -|          -|   512|    no    |
        |   +++ Loop 2.1.1.1      |        33|        33|        11|          -|          -|     3|    no    |
        |    ++++ Loop 2.1.1.1.1  |         9|         9|         3|          -|          -|     3|    no    |
        | + Loop 2.2              |    525312|    525312|      1026|          -|          -|   512|    no    |
        |  ++ Loop 2.2.1          |      1024|      1024|         2|          -|          -|   512|    no    |
        +-------------------------+----------+----------+----------+-----------+-----------+------+----------+



================================================================
== Utilization Estimates
================================================================
* Summary: 
+-----------------+---------+-------+-------+------+
|       Name      | BRAM_18K| DSP48E|   FF  |  LUT |
+-----------------+---------+-------+-------+------+
|DSP              |        -|      -|      -|     -|
|Expression       |        -|      -|      0|   521|
|FIFO             |        -|      -|      -|     -|
|Instance         |        -|      -|      -|     -|
|Memory           |      256|      -|      1|     1|
|Multiplexer      |        -|      -|      -|   212|
|Register         |        -|      -|    324|     -|
+-----------------+---------+-------+-------+------+
|Total            |      256|      0|    325|   734|
+-----------------+---------+-------+-------+------+
|Available        |       40|     40|  16000|  8000|
+-----------------+---------+-------+-------+------+
|Utilization (%)  |      640|      0|      2|     9|
+-----------------+---------+-------+-------+------+

+ Detail: 
    * Instance: 
    N/A

    * DSP48: 
    N/A

    * Memory: 
    +------------------+-----------------------+---------+---+----+--------+-----+------+-------------+
    |      Memory      |         Module        | BRAM_18K| FF| LUT|  Words | Bits| Banks| W*Bits*Banks|
    +------------------+-----------------------+---------+---+----+--------+-----+------+-------------+
    |imKernel_U        |dilate_imKernel        |        0|  1|   1|       9|    1|     1|            9|
    |sureBackground_U  |dilate_sureBackground  |      128|  0|   0|  262144|    8|     1|      2097152|
    |tmp_U             |morphologyEx_temp      |      128|  0|   0|  262144|    8|     1|      2097152|
    +------------------+-----------------------+---------+---+----+--------+-----+------+-------------+
    |Total             |                       |      256|  1|   1|  524297|   17|     3|      4194313|
    +------------------+-----------------------+---------+---+----+--------+-----+------+-------------+

    * FIFO: 
    N/A

    * Expression: 
    +---------------------------+----------+-------+---+----+------------+------------+
    |       Variable Name       | Operation| DSP48E| FF| LUT| Bitwidth P0| Bitwidth P1|
    +---------------------------+----------+-------+---+----+------------+------------+
    |c_1_fu_277_p2              |     +    |      0|  0|  17|          10|           1|
    |c_2_fu_560_p2              |     +    |      0|  0|  17|          10|           1|
    |c_3_fu_339_p2              |     +    |      0|  0|  17|          10|           1|
    |cc_fu_435_p2               |     +    |      0|  0|  17|          10|          10|
    |i_14_fu_303_p2             |     +    |      0|  0|  10|           2|           1|
    |kc_1_fu_429_p2             |     +    |      0|  0|  10|           2|           1|
    |kr_1_fu_355_p2             |     +    |      0|  0|  10|           2|           1|
    |max_val_5_fu_486_p2        |     +    |      0|  0|  16|           9|           9|
    |r_1_fu_253_p2              |     +    |      0|  0|  17|          10|           1|
    |r_2_fu_315_p2              |     +    |      0|  0|  17|          10|           1|
    |r_3_fu_536_p2              |     +    |      0|  0|  17|          10|           1|
    |rr_fu_361_p2               |     +    |      0|  0|  17|          10|          10|
    |tmp_141_fu_287_p2          |     +    |      0|  0|  27|          20|          20|
    |tmp_144_fu_570_p2          |     +    |      0|  0|  27|          20|          20|
    |tmp_146_fu_409_p2          |     +    |      0|  0|  27|          20|          20|
    |tmp_151_fu_444_p2          |     +    |      0|  0|  27|          20|          20|
    |tmp_152_fu_458_p2          |     +    |      0|  0|  15|           5|           5|
    |tmp_149_fu_394_p2          |     -    |      0|  0|  15|           5|           5|
    |exitcond1_fu_530_p2        |   icmp   |      0|  0|  13|          10|          11|
    |exitcond2_fu_423_p2        |   icmp   |      0|  0|   8|           2|           2|
    |exitcond3_fu_349_p2        |   icmp   |      0|  0|   8|           2|           2|
    |exitcond4_fu_333_p2        |   icmp   |      0|  0|  13|          10|          11|
    |exitcond5_fu_309_p2        |   icmp   |      0|  0|  13|          10|          11|
    |exitcond6_fu_297_p2        |   icmp   |      0|  0|   9|           2|           3|
    |exitcond7_fu_271_p2        |   icmp   |      0|  0|  13|          10|          11|
    |exitcond8_fu_247_p2        |   icmp   |      0|  0|  13|          10|          11|
    |exitcond_fu_554_p2         |   icmp   |      0|  0|  13|          10|          11|
    |tmp_140_fu_500_p2          |   icmp   |      0|  0|  18|          32|          32|
    |tmp_132_fu_468_p2          |    or    |      0|  0|  17|          10|          10|
    |max_val_3_fu_522_p3        |  select  |      0|  0|  32|           1|          32|
    |val_0_max_val_1_fu_510_p3  |  select  |      0|  0|  31|           1|          31|
    +---------------------------+----------+-------+---+----+------------+------------+
    |Total                      |          |      0|  0| 521|         295|         306|
    +---------------------------+----------+-------+---+----+------------+------------+

    * Multiplexer: 
    +-------------------+----+-----------+-----+-----------+
    |        Name       | LUT| Input Size| Bits| Total Bits|
    +-------------------+----+-----------+-----+-----------+
    |ap_NS_fsm          |  62|         15|    1|         15|
    |c2_reg_167         |   9|          2|   10|         20|
    |c4_reg_236         |   9|          2|   10|         20|
    |c_reg_134          |   9|          2|   10|         20|
    |i_reg_145          |   9|          2|    2|          4|
    |kc_reg_214         |   9|          2|    2|          4|
    |kr_reg_191         |   9|          2|    2|          4|
    |max_val_1_reg_202  |   9|          2|   32|         64|
    |max_val_reg_179    |   9|          2|   32|         64|
    |r1_reg_156         |   9|          2|   10|         20|
    |r3_reg_225         |   9|          2|   10|         20|
    |r_reg_123          |   9|          2|   10|         20|
    |src_address0       |  15|          3|   18|         54|
    |tmp_address0       |  21|          4|   18|         72|
    |tmp_d0             |  15|          3|    8|         24|
    +-------------------+----+-----------+-----+-----------+
    |Total              | 212|         47|  175|        425|
    +-------------------+----+-----------+-----+-----------+

    * Register: 
    +-----------------------+----+----+-----+-----------+
    |          Name         | FF | LUT| Bits| Const Bits|
    +-----------------------+----+----+-----+-----------+
    |ap_CS_fsm              |  14|   0|   14|          0|
    |c2_reg_167             |  10|   0|   10|          0|
    |c4_reg_236             |  10|   0|   10|          0|
    |c_1_reg_596            |  10|   0|   10|          0|
    |c_2_reg_719            |  10|   0|   10|          0|
    |c_3_reg_636            |  10|   0|   10|          0|
    |c_reg_134              |  10|   0|   10|          0|
    |cc_reg_673             |  10|   0|   10|          0|
    |i_14_reg_614           |   2|   0|    2|          0|
    |i_reg_145              |   2|   0|    2|          0|
    |imKernel_load_reg_693  |   1|   0|    1|          0|
    |kc_1_reg_668           |   2|   0|    2|          0|
    |kc_reg_214             |   2|   0|    2|          0|
    |kr_1_reg_645           |   2|   0|    2|          0|
    |kr_reg_191             |   2|   0|    2|          0|
    |max_val_1_reg_202      |  32|   0|   32|          0|
    |max_val_reg_179        |  32|   0|   32|          0|
    |r1_reg_156             |  10|   0|   10|          0|
    |r3_reg_225             |  10|   0|   10|          0|
    |r_1_reg_583            |  10|   0|   10|          0|
    |r_2_reg_622            |  10|   0|   10|          0|
    |r_3_reg_706            |  10|   0|   10|          0|
    |r_reg_123              |  10|   0|   10|          0|
    |rr_reg_650             |  10|   0|   10|          0|
    |src_load_2_reg_688     |   8|   0|    8|          0|
    |tmp_149_reg_660        |   5|   0|    5|          0|
    |tmp_153_cast_reg_588   |  10|   0|   20|         10|
    |tmp_154_cast_reg_601   |  20|   0|   64|         44|
    |tmp_156_cast_reg_628   |  10|   0|   20|         10|
    |tmp_158_cast_reg_711   |  10|   0|   20|         10|
    |tmp_159_cast_reg_724   |  20|   0|   64|         44|
    |tmp_162_cast_reg_655   |  10|   0|   20|         10|
    +-----------------------+----+----+-----+-----------+
    |Total                  | 324|   0|  452|        128|
    +-----------------------+----+----+-----+-----------+



================================================================
== Interface
================================================================
* Summary: 
+--------------+-----+-----+------------+--------------+--------------+
|   RTL Ports  | Dir | Bits|  Protocol  | Source Object|    C Type    |
+--------------+-----+-----+------------+--------------+--------------+
|ap_clk        |  in |    1| ap_ctrl_hs |    dilate    | return value |
|ap_rst        |  in |    1| ap_ctrl_hs |    dilate    | return value |
|ap_start      |  in |    1| ap_ctrl_hs |    dilate    | return value |
|ap_done       | out |    1| ap_ctrl_hs |    dilate    | return value |
|ap_idle       | out |    1| ap_ctrl_hs |    dilate    | return value |
|ap_ready      | out |    1| ap_ctrl_hs |    dilate    | return value |
|src_address0  | out |   18|  ap_memory |      src     |     array    |
|src_ce0       | out |    1|  ap_memory |      src     |     array    |
|src_q0        |  in |    8|  ap_memory |      src     |     array    |
+--------------+-----+-----+------------+--------------+--------------+

