

================================================================
== Vivado HLS Report for 'image_segmentation'
================================================================
* Date:           Sun Apr 23 06:26:06 2023

* Version:        2018.3 (Build 2405991 on Thu Dec 06 23:56:15 MST 2018)
* Project:        watershed
* Solution:       solution1
* Product family: aartix7
* Target device:  xa7a12tcsg325-1q


================================================================
== Performance Estimates
================================================================
+ Timing (ns): 
    * Summary: 
    +--------+-------+----------+------------+
    |  Clock | Target| Estimated| Uncertainty|
    +--------+-------+----------+------------+
    |ap_clk  |  10.00|     8.606|        1.25|
    +--------+-------+----------+------------+

+ Latency (clock cycles): 
    * Summary: 
    +-----+-----+-----+-----+---------+
    |  Latency  |  Interval | Pipeline|
    | min | max | min | max |   Type  |
    +-----+-----+-----+-----+---------+
    |    ?|    ?|    ?|    ?|   none  |
    +-----+-----+-----+-----+---------+

    + Detail: 
        * Instance: 
        +--------------------------------+---------------------+----------+----------+----------+----------+---------+
        |                                |                     |       Latency       |       Interval      | Pipeline|
        |            Instance            |        Module       |    min   |    max   |    min   |    max   |   Type  |
        +--------------------------------+---------------------+----------+----------+----------+----------+---------+
        |grp_distanceTransform_fu_294    |distanceTransform    |   2100227|  13110275|   2100227|  13110275|   none  |
        |grp_RGBtoGray_512_512_2_fu_302  |RGBtoGray_512_512_2  |   7865345|   7865345|   7865345|   7865345|   none  |
        |grp_thresholdOtsu_fu_318        |thresholdOtsu        |   1843204|   2822404|   1843204|   2822404|   none  |
        |grp_watershed_algorithm_fu_328  |watershed_algorithm  |         ?|         ?|         ?|         ?|   none  |
        |grp_connectedComponents_fu_340  |connectedComponents  |         ?|         ?|         ?|         ?|   none  |
        |grp_morphologyEx_fu_348         |morphologyEx         |  28578824|  28578824|  28578824|  28578824|   none  |
        |grp_dilate_fu_356               |dilate               |  19928072|  19928072|  19928072|  19928072|   none  |
        +--------------------------------+---------------------+----------+----------+----------+----------+---------+

        * Loop: 
        +-------------+---------+---------+----------+-----------+-----------+------+----------+
        |             |      Latency      | Iteration|  Initiation Interval  | Trip |          |
        |  Loop Name  |   min   |   max   |  Latency |  achieved |   target  | Count| Pipelined|
        +-------------+---------+---------+----------+-----------+-----------+------+----------+
        |- Loop 1     |  1049600|  1049600|      2050|          -|          -|   512|    no    |
        | + Loop 1.1  |     2048|     2048|         4|          -|          -|   512|    no    |
        |- Loop 2     |  2622464|  2622464|      5122|          -|          -|   512|    no    |
        | + Loop 2.1  |     5120|     5120|        10|          -|          -|   512|    no    |
        |- Loop 3     |   525312|   525312|      1026|          -|          -|   512|    no    |
        | + Loop 3.1  |     1024|     1024|         2|          -|          -|   512|    no    |
        +-------------+---------+---------+----------+-----------+-----------+------+----------+



================================================================
== Utilization Estimates
================================================================
* Summary: 
+-----------------+---------+-------+-------+-------+
|       Name      | BRAM_18K| DSP48E|   FF  |  LUT  |
+-----------------+---------+-------+-------+-------+
|DSP              |        -|      -|      -|      -|
|Expression       |        -|      -|      0|    766|
|FIFO             |        -|      -|      -|      -|
|Instance         |     3207|     27|   7228|  15831|
|Memory           |      800|      -|      0|      0|
|Multiplexer      |        -|      -|      -|    584|
|Register         |        -|      -|    467|      -|
+-----------------+---------+-------+-------+-------+
|Total            |     4007|     27|   7695|  17181|
+-----------------+---------+-------+-------+-------+
|Available        |       40|     40|  16000|   8000|
+-----------------+---------+-------+-------+-------+
|Utilization (%)  |    10017|     67|     48|    214|
+-----------------+---------+-------+-------+-------+

+ Detail: 
    * Instance: 
    +---------------------------------------------------+-----------------------------------------------+---------+-------+------+------+
    |                      Instance                     |                     Module                    | BRAM_18K| DSP48E|  FF  |  LUT |
    +---------------------------------------------------+-----------------------------------------------+---------+-------+------+------+
    |grp_RGBtoGray_512_512_2_fu_302                     |RGBtoGray_512_512_2                            |        4|     14|  1763|  3737|
    |grp_connectedComponents_fu_340                     |connectedComponents                            |     1152|      0|   627|  1134|
    |grp_dilate_fu_356                                  |dilate                                         |      256|      0|   325|   734|
    |grp_distanceTransform_fu_294                       |distanceTransform                              |        0|      5|  1721|  4391|
    |imageProcessing_fcmp_32ns_32ns_1_1_1_U52           |imageProcessing_fcmp_32ns_32ns_1_1_1           |        0|      0|    66|   239|
    |imageProcessing_fmul_32ns_32ns_32_4_max_dsp_1_U50  |imageProcessing_fmul_32ns_32ns_32_4_max_dsp_1  |        0|      3|   143|   322|
    |imageProcessing_sitofp_32ns_32_5_1_U51             |imageProcessing_sitofp_32ns_32_5_1             |        0|      0|   229|   549|
    |grp_morphologyEx_fu_348                            |morphologyEx                                   |      128|      0|   441|  1076|
    |grp_thresholdOtsu_fu_318                           |thresholdOtsu                                  |        3|      5|  1166|  2417|
    |grp_watershed_algorithm_fu_328                     |watershed_algorithm                            |     1664|      0|   747|  1232|
    +---------------------------------------------------+-----------------------------------------------+---------+-------+------+------+
    |Total                                              |                                               |     3207|     27|  7228| 15831|
    +---------------------------------------------------+-----------------------------------------------+---------+-------+------+------+

    * DSP48: 
    N/A

    * Memory: 
    +------------------------+-----------------------------------------+---------+---+----+--------+-----+------+-------------+
    |         Memory         |                  Module                 | BRAM_18K| FF| LUT|  Words | Bits| Banks| W*Bits*Banks|
    +------------------------+-----------------------------------------+---------+---+----+--------+-----+------+-------------+
    |binaryThreshold_U       |image_segmentation_binaryThreshold       |       16|  0|   0|  262144|    1|     1|       262144|
    |sureForeground_U        |image_segmentation_binaryThreshold       |       16|  0|   0|  262144|    1|     1|       262144|
    |distanceTransformOut_U  |image_segmentation_distanceTransformOut  |      512|  0|   0|  262144|   32|     1|      8388608|
    |grayOutput_U            |watershed_algorithm_watershedOutput      |      128|  0|   0|  262144|    8|     1|      2097152|
    |morphOpening_U          |watershed_algorithm_watershedOutput      |      128|  0|   0|  262144|    8|     1|      2097152|
    +------------------------+-----------------------------------------+---------+---+----+--------+-----+------+-------------+
    |Total                   |                                         |      800|  0|   0| 1310720|   50|     5|     13107200|
    +------------------------+-----------------------------------------+---------+---+----+--------+-----+------+-------------+

    * FIFO: 
    N/A

    * Expression: 
    +----------------------------------+----------+-------+---+-----+------------+------------+
    |           Variable Name          | Operation| DSP48E| FF| LUT | Bitwidth P0| Bitwidth P1|
    +----------------------------------+----------+-------+---+-----+------------+------------+
    |i_10_fu_557_p2                    |     +    |      0|  0|   17|          10|           1|
    |i_11_fu_796_p2                    |     +    |      0|  0|   17|          10|           1|
    |i_fu_399_p2                       |     +    |      0|  0|   17|          10|           1|
    |j_10_fu_820_p2                    |     +    |      0|  0|   17|          10|           1|
    |j_9_fu_581_p2                     |     +    |      0|  0|   17|          10|           1|
    |j_fu_423_p2                       |     +    |      0|  0|   17|          10|           1|
    |sh_assign_fu_650_p2               |     +    |      0|  0|   16|           8|           9|
    |tmp_62_fu_433_p2                  |     +    |      0|  0|   27|          20|          20|
    |tmp_66_fu_591_p2                  |     +    |      0|  0|   27|          20|          20|
    |tmp_71_fu_830_p2                  |     +    |      0|  0|   27|          20|          20|
    |tmp_i_i_i_i_fu_664_p2             |     -    |      0|  0|   15|           7|           8|
    |tmp_33_fu_514_p2                  |    and   |      0|  0|    8|           1|           1|
    |tmp_35_fu_520_p2                  |    and   |      0|  0|    8|           1|           1|
    |tmp_44_fu_778_p2                  |    and   |      0|  0|    8|           1|           1|
    |tmp_46_fu_784_p2                  |    and   |      0|  0|    8|           1|           1|
    |exitcond1_i7_fu_551_p2            |   icmp   |      0|  0|   13|          10|          11|
    |exitcond1_i_fu_393_p2             |   icmp   |      0|  0|   13|          10|          11|
    |exitcond2_i_fu_814_p2             |   icmp   |      0|  0|   13|          10|          11|
    |exitcond3_i_fu_790_p2             |   icmp   |      0|  0|   13|          10|          11|
    |exitcond_i1_fu_575_p2             |   icmp   |      0|  0|   13|          10|          11|
    |exitcond_i_fu_417_p2              |   icmp   |      0|  0|   13|          10|          11|
    |notlhs2_fu_496_p2                 |   icmp   |      0|  0|   11|           8|           2|
    |notlhs3_fu_756_p2                 |   icmp   |      0|  0|   11|           8|           2|
    |notlhs4_fu_610_p2                 |   icmp   |      0|  0|   11|           8|           2|
    |notlhs_fu_478_p2                  |   icmp   |      0|  0|   11|           8|           2|
    |notrhs2_fu_502_p2                 |   icmp   |      0|  0|   18|          23|           1|
    |notrhs3_fu_762_p2                 |   icmp   |      0|  0|   18|          23|           1|
    |notrhs4_fu_545_p2                 |   icmp   |      0|  0|   18|          23|           1|
    |notrhs_fu_484_p2                  |   icmp   |      0|  0|   18|          23|           1|
    |r_V_fu_693_p2                     |   lshr   |      0|  0|   73|          25|          25|
    |ap_block_state32_on_subcall_done  |    or    |      0|  0|    8|           1|           1|
    |tmp_31_fu_490_p2                  |    or    |      0|  0|    8|           1|           1|
    |tmp_32_fu_508_p2                  |    or    |      0|  0|    8|           1|           1|
    |tmp_42_fu_768_p2                  |    or    |      0|  0|    8|           1|           1|
    |tmp_43_fu_774_p2                  |    or    |      0|  0|    8|           1|           1|
    |max_2_fu_525_p3                   |  select  |      0|  0|   32|           1|          32|
    |ush_fu_673_p3                     |  select  |      0|  0|    9|           1|           9|
    |val_V_fu_727_p3                   |  select  |      0|  0|    8|           1|           8|
    |r_V_1_fu_699_p2                   |    shl   |      0|  0|  164|          55|          55|
    +----------------------------------+----------+-------+---+-----+------------+------------+
    |Total                             |          |      0|  0|  766|         411|         299|
    +----------------------------------+----------+-------+---+-----+------------+------------+

    * Multiplexer: 
    +-------------------------------+-----+-----------+-----+-----------+
    |              Name             | LUT | Input Size| Bits| Total Bits|
    +-------------------------------+-----+-----------+-----+-----------+
    |ap_NS_fsm                      |  161|         36|    1|         36|
    |binaryThreshold_address0       |   15|          3|   18|         54|
    |binaryThreshold_ce0            |   15|          3|    1|          3|
    |binaryThreshold_we0            |    9|          2|    1|          2|
    |distanceTransformOut_address0  |   27|          5|   18|         90|
    |distanceTransformOut_ce0       |   15|          3|    1|          3|
    |distanceTransformOut_ce1       |    9|          2|    1|          2|
    |distanceTransformOut_we0       |    9|          2|    1|          2|
    |distanceTransformOut_we1       |    9|          2|    1|          2|
    |grayOutput_address0            |   21|          4|   18|         72|
    |grayOutput_ce0                 |   21|          4|    1|          4|
    |grayOutput_we0                 |    9|          2|    1|          2|
    |grp_fu_374_p0                  |   15|          3|   32|         96|
    |grp_fu_374_p1                  |   15|          3|   32|         96|
    |i_i2_reg_272                   |    9|          2|   10|         20|
    |i_i6_reg_250                   |    9|          2|   10|         20|
    |i_i_reg_228                    |    9|          2|   10|         20|
    |input_image_b_address0         |   15|          3|   18|         54|
    |input_image_b_ce0              |   15|          3|    1|          3|
    |input_image_g_address0         |   15|          3|   18|         54|
    |input_image_g_ce0              |   15|          3|    1|          3|
    |input_image_r_address0         |   15|          3|   18|         54|
    |input_image_r_ce0              |   15|          3|    1|          3|
    |j_i1_reg_261                   |    9|          2|   10|         20|
    |j_i4_reg_283                   |    9|          2|   10|         20|
    |j_i_reg_239                    |    9|          2|   10|         20|
    |max_fu_108                     |    9|          2|   32|         64|
    |morphOpening_address0          |   21|          4|   18|         72|
    |morphOpening_ce0               |   21|          4|    1|          4|
    |morphOpening_we0               |    9|          2|    1|          2|
    |sureForeground_address0        |   15|          3|   18|         54|
    |sureForeground_ce0             |   15|          3|    1|          3|
    +-------------------------------+-----+-----------+-----+-----------+
    |Total                          |  584|        122|  315|        954|
    +-------------------------------+-----+-----------+-----+-----------+

    * Register: 
    +---------------------------------------------+----+----+-----+-----------+
    |                     Name                    | FF | LUT| Bits| Const Bits|
    +---------------------------------------------+----+----+-----+-----------+
    |ap_CS_fsm                                    |  35|   0|   35|          0|
    |grp_RGBtoGray_512_512_2_fu_302_ap_start_reg  |   1|   0|    1|          0|
    |grp_connectedComponents_fu_340_ap_start_reg  |   1|   0|    1|          0|
    |grp_dilate_fu_356_ap_start_reg               |   1|   0|    1|          0|
    |grp_distanceTransform_fu_294_ap_start_reg    |   1|   0|    1|          0|
    |grp_morphologyEx_fu_348_ap_start_reg         |   1|   0|    1|          0|
    |grp_thresholdOtsu_fu_318_ap_start_reg        |   1|   0|    1|          0|
    |grp_watershed_algorithm_fu_328_ap_start_reg  |   1|   0|    1|          0|
    |i_10_reg_905                                 |  10|   0|   10|          0|
    |i_11_reg_973                                 |  10|   0|   10|          0|
    |i_i2_reg_272                                 |  10|   0|   10|          0|
    |i_i6_reg_250                                 |  10|   0|   10|          0|
    |i_i_reg_228                                  |  10|   0|   10|          0|
    |i_reg_852                                    |  10|   0|   10|          0|
    |j_10_reg_986                                 |  10|   0|   10|          0|
    |j_9_reg_918                                  |  10|   0|   10|          0|
    |j_i1_reg_261                                 |  10|   0|   10|          0|
    |j_i4_reg_283                                 |  10|   0|   10|          0|
    |j_i_reg_239                                  |  10|   0|   10|          0|
    |j_reg_865                                    |  10|   0|   10|          0|
    |max_fu_108                                   |  32|   0|   32|          0|
    |notlhs4_reg_933                              |   1|   0|    1|          0|
    |notrhs4_reg_897                              |   1|   0|    1|          0|
    |reg_383                                      |  32|   0|   32|          0|
    |thresholdValue_assig_1_reg_892               |  32|   0|   32|          0|
    |thresholdValue_assig_reg_887                 |  32|   0|   32|          0|
    |tmp_34_reg_882                               |   1|   0|    1|          0|
    |tmp_46_reg_965                               |   1|   0|    1|          0|
    |tmp_54_i_reg_959                             |  32|   0|   32|          0|
    |tmp_79_cast_reg_857                          |  10|   0|   20|         10|
    |tmp_81_cast_reg_910                          |  10|   0|   20|         10|
    |tmp_84_cast_reg_978                          |  10|   0|   20|         10|
    |tmp_85_cast_reg_923                          |  20|   0|   64|         44|
    |tmp_89_cast_reg_991                          |  20|   0|   64|         44|
    |tmp_V_1_reg_944                              |  23|   0|   23|          0|
    |tmp_V_reg_938                                |   8|   0|    8|          0|
    |val_V_reg_949                                |   8|   0|    8|          0|
    |val_reg_875                                  |  32|   0|   32|          0|
    +---------------------------------------------+----+----+-----+-----------+
    |Total                                        | 467|   0|  585|        118|
    +---------------------------------------------+----+----+-----+-----------+



================================================================
== Interface
================================================================
* Summary: 
+-------------------------+-----+-----+------------+--------------------+--------------+
|        RTL Ports        | Dir | Bits|  Protocol  |    Source Object   |    C Type    |
+-------------------------+-----+-----+------------+--------------------+--------------+
|ap_clk                   |  in |    1| ap_ctrl_hs | image_segmentation | return value |
|ap_rst                   |  in |    1| ap_ctrl_hs | image_segmentation | return value |
|ap_start                 |  in |    1| ap_ctrl_hs | image_segmentation | return value |
|ap_done                  | out |    1| ap_ctrl_hs | image_segmentation | return value |
|ap_idle                  | out |    1| ap_ctrl_hs | image_segmentation | return value |
|ap_ready                 | out |    1| ap_ctrl_hs | image_segmentation | return value |
|input_image_r_address0   | out |   18|  ap_memory |    input_image_r   |     array    |
|input_image_r_ce0        | out |    1|  ap_memory |    input_image_r   |     array    |
|input_image_r_q0         |  in |    1|  ap_memory |    input_image_r   |     array    |
|input_image_g_address0   | out |   18|  ap_memory |    input_image_g   |     array    |
|input_image_g_ce0        | out |    1|  ap_memory |    input_image_g   |     array    |
|input_image_g_q0         |  in |    1|  ap_memory |    input_image_g   |     array    |
|input_image_b_address0   | out |   18|  ap_memory |    input_image_b   |     array    |
|input_image_b_ce0        | out |    1|  ap_memory |    input_image_b   |     array    |
|input_image_b_q0         |  in |    1|  ap_memory |    input_image_b   |     array    |
|output_image_r_address0  | out |   18|  ap_memory |   output_image_r   |     array    |
|output_image_r_ce0       | out |    1|  ap_memory |   output_image_r   |     array    |
|output_image_r_we0       | out |    1|  ap_memory |   output_image_r   |     array    |
|output_image_r_d0        | out |    1|  ap_memory |   output_image_r   |     array    |
|output_image_g_address0  | out |   18|  ap_memory |   output_image_g   |     array    |
|output_image_g_ce0       | out |    1|  ap_memory |   output_image_g   |     array    |
|output_image_g_we0       | out |    1|  ap_memory |   output_image_g   |     array    |
|output_image_g_d0        | out |    1|  ap_memory |   output_image_g   |     array    |
|output_image_b_address0  | out |   18|  ap_memory |   output_image_b   |     array    |
|output_image_b_ce0       | out |    1|  ap_memory |   output_image_b   |     array    |
|output_image_b_we0       | out |    1|  ap_memory |   output_image_b   |     array    |
|output_image_b_d0        | out |    1|  ap_memory |   output_image_b   |     array    |
+-------------------------+-----+-----+------------+--------------------+--------------+

