INFO: [HLS 200-10] Running '/u/red22/Xilinx/Vivado_2018.3/Vivado/2018.3/bin/unwrapped/lnx64.o/vivado_hls'
INFO: [HLS 200-10] For user 'rijain' on host 'orw-rijain-vm.wv.mentorg.com' (Linux_x86_64 version 3.10.0-1160.83.1.el7.x86_64) on Sun Apr 23 06:23:25 PDT 2023
INFO: [HLS 200-10] On os "Red Hat Enterprise Linux Workstation release 7.9 (Maipo)"
INFO: [HLS 200-10] In directory '/home/rijain/Workspace/Watershed/cpp'
INFO: [HLS 200-10] Opening project '/home/rijain/Workspace/Watershed/cpp/watershed'.
INFO: [HLS 200-10] Adding design file 'segmentation.cpp' to the project
INFO: [HLS 200-10] Opening solution '/home/rijain/Workspace/Watershed/cpp/watershed/solution1'.
INFO: [SYN 201-201] Setting up clock 'default' with a period of 10ns.
INFO: [HLS 200-10] Setting target device to 'xa7a12tcsg325-1q'
INFO: [SCHED 204-61] Option 'relax_ii_for_timing' is enabled, will increase II to preserve clock frequency constraints.
INFO: [HLS 200-10] Analyzing design file 'segmentation.cpp' ... 
INFO: [HLS 200-111] Finished Linking Time (s): cpu = 00:00:10 ; elapsed = 00:00:12 . Memory (MB): peak = 536.188 ; gain = 0.422 ; free physical = 13056 ; free virtual = 23862
INFO: [HLS 200-111] Finished Checking Pragmas Time (s): cpu = 00:00:10 ; elapsed = 00:00:12 . Memory (MB): peak = 536.188 ; gain = 0.422 ; free physical = 13056 ; free virtual = 23862
INFO: [HLS 200-10] Starting code transformations ...
INFO: [HLS 200-111] Finished Standard Transforms Time (s): cpu = 00:00:57 ; elapsed = 00:01:01 . Memory (MB): peak = 1513.949 ; gain = 978.184 ; free physical = 12068 ; free virtual = 22907
INFO: [HLS 200-10] Checking synthesizability ...
INFO: [XFORM 203-602] Inlining function '_ZN9fp_structIdEC2Ed10' into '_ZN9fp_structIdEC1Ed6' (/wrk/2018.3/continuous/2018_12_06_2405991/src/products/hls/hls_lib/src/hls/utils/x_hls_utils.h:479) automatically.
INFO: [XFORM 203-602] Inlining function 'fp_struct<double>::data' into 'fp_struct<double>::to_double' (/wrk/2018.3/continuous/2018_12_06_2405991/src/products/hls/hls_lib/src/hls/utils/x_hls_utils.h:512) automatically.
INFO: [XFORM 203-602] Inlining function 'fp_struct<double>::to_double' into 'fp_struct<double>::to_ieee' (/wrk/2018.3/continuous/2018_12_06_2405991/src/products/hls/hls_lib/src/hls/utils/x_hls_utils.h:526) automatically.
INFO: [XFORM 203-602] Inlining function '_ZN9fp_structIdEC1Ed6' into 'generic_copysign<double>' (/wrk/2018.3/continuous/2018_12_06_2405991/src/products/hls/hls_lib/hlsmath/include/FloatingPoint/hls_copysign.h:11) automatically.
INFO: [XFORM 203-602] Inlining function 'fp_struct<double>::to_ieee' into 'generic_copysign<double>' (/wrk/2018.3/continuous/2018_12_06_2405991/src/products/hls/hls_lib/hlsmath/include/FloatingPoint/hls_copysign.h:13) automatically.
INFO: [XFORM 203-602] Inlining function '_ZN9fp_structIdEC1Ed6' into 'generic_round<double>' (/wrk/2018.3/continuous/2018_12_06_2405991/src/products/hls/hls_lib/hlsmath/include/FloatingPoint/hls_round.h:193) automatically.
INFO: [XFORM 203-602] Inlining function 'generic_copysign<double>' into 'generic_round<double>' (/wrk/2018.3/continuous/2018_12_06_2405991/src/products/hls/hls_lib/hlsmath/include/FloatingPoint/hls_round.h:197) automatically.
INFO: [XFORM 203-602] Inlining function 'fp_struct<double>::data' into 'generic_round<double>' (/wrk/2018.3/continuous/2018_12_06_2405991/src/products/hls/hls_lib/hlsmath/include/FloatingPoint/hls_round.h:210) automatically.
INFO: [XFORM 203-602] Inlining function 'fp_struct<double>::to_ieee' into 'generic_round<double>' (/wrk/2018.3/continuous/2018_12_06_2405991/src/products/hls/hls_lib/hlsmath/include/FloatingPoint/hls_round.h:213) automatically.
INFO: [XFORM 203-602] Inlining function 'fp_struct<double>::mantissa' into 'generic_cast_IEEE754<unsigned char, (ap_q_mode)6, double>' (/wrk/2018.3/continuous/2018_12_06_2405991/src/products/hls/hls_lib/hlsmath/include/FloatingPoint/hls_case_IEEE754.h:67) automatically.
INFO: [XFORM 203-602] Inlining function 'fp_struct<double>::expv' into 'generic_cast_IEEE754<unsigned char, (ap_q_mode)6, double>' (/wrk/2018.3/continuous/2018_12_06_2405991/src/products/hls/hls_lib/hlsmath/include/FloatingPoint/hls_case_IEEE754.h:70) automatically.
INFO: [XFORM 203-602] Inlining function 'fp_struct<double>::__signbit' into 'generic_cast_IEEE754<unsigned char, (ap_q_mode)6, double>' (/wrk/2018.3/continuous/2018_12_06_2405991/src/products/hls/hls_lib/hlsmath/include/FloatingPoint/hls_case_IEEE754.h:90) automatically.
INFO: [XFORM 203-602] Inlining function 'generic_cast_IEEE754<unsigned char, (ap_q_mode)6, double>' into 'generic_cast_IEEE754<unsigned char, double>' (/wrk/2018.3/continuous/2018_12_06_2405991/src/products/hls/hls_lib/hlsmath/include/FloatingPoint/hls_case_IEEE754.h:116) automatically.
INFO: [XFORM 203-602] Inlining function 'generic_cast_IEEE754<unsigned char, double>' into '__hls_fptoui_double_i8' (/wrk/2018.3/continuous/2018_12_06_2405991/src/products/hls/hls_lib/hlsmath/src/lib_floatconversion.cpp:66) automatically.
INFO: [XFORM 203-602] Inlining function 'round' into 'RGBtoGray<512, 512>132' (segmentation.cpp:37) automatically.
INFO: [XFORM 203-602] Inlining function '__hls_fptoui_double_i8' into 'RGBtoGray<512, 512>132' (segmentation.cpp:37) automatically.
INFO: [XFORM 203-602] Inlining function '_ZN9fp_structIdEC1Ed6' into 'generic_isinf<double>' (/wrk/2018.3/continuous/2018_12_06_2405991/src/products/hls/hls_lib/hlsmath/include/FloatingPoint/hls_isinf.h:16) automatically.
INFO: [XFORM 203-602] Inlining function '_ZN9fp_structIdEC1Ed6' into 'generic_isnan<double>' (/wrk/2018.3/continuous/2018_12_06_2405991/src/products/hls/hls_lib/hlsmath/include/FloatingPoint/hls_isnan.h:16) automatically.
INFO: [XFORM 203-602] Inlining function 'pow_reduce::log_range_reduce<ap_fixed<121, 12, (ap_q_mode)5, (ap_o_mode)3, 0>, 4, 4, 71, 73>' into 'pow_reduce::pow_traits<double>::log_range_reduction<71>' (/wrk/2018.3/continuous/2018_12_06_2405991/src/products/hls/hls_lib/hlsmath/include/FloatingPoint/hls_pow.h:224) automatically.
INFO: [XFORM 203-602] Inlining function 'pow_reduce::log_range_reduce<ap_fixed<121, 12, (ap_q_mode)5, (ap_o_mode)3, 0>, 7, 6, 73, 83>' into 'pow_reduce::pow_traits<double>::log_range_reduction<71>' (/wrk/2018.3/continuous/2018_12_06_2405991/src/products/hls/hls_lib/hlsmath/include/FloatingPoint/hls_pow.h:226) automatically.
INFO: [XFORM 203-602] Inlining function 'pow_reduce::log_range_reduce<ap_fixed<121, 12, (ap_q_mode)5, (ap_o_mode)3, 0>, 12, 6, 83, 92>' into 'pow_reduce::pow_traits<double>::log_range_reduction<71>' (/wrk/2018.3/continuous/2018_12_06_2405991/src/products/hls/hls_lib/hlsmath/include/FloatingPoint/hls_pow.h:228) automatically.
INFO: [XFORM 203-602] Inlining function 'pow_reduce::log_range_reduce<ap_fixed<121, 12, (ap_q_mode)5, (ap_o_mode)3, 0>, 17, 6, 92, 87>' into 'pow_reduce::pow_traits<double>::log_range_reduction<71>' (/wrk/2018.3/continuous/2018_12_06_2405991/src/products/hls/hls_lib/hlsmath/include/FloatingPoint/hls_pow.h:230) automatically.
INFO: [XFORM 203-602] Inlining function 'pow_reduce::log_range_reduce<ap_fixed<121, 12, (ap_q_mode)5, (ap_o_mode)3, 0>, 22, 6, 87, 82>' into 'pow_reduce::pow_traits<double>::log_range_reduction<71>' (/wrk/2018.3/continuous/2018_12_06_2405991/src/products/hls/hls_lib/hlsmath/include/FloatingPoint/hls_pow.h:232) automatically.
INFO: [XFORM 203-602] Inlining function 'pow_reduce::log_range_reduce<ap_fixed<121, 12, (ap_q_mode)5, (ap_o_mode)3, 0>, 27, 6, 82, 77>' into 'pow_reduce::pow_traits<double>::log_range_reduction<71>' (/wrk/2018.3/continuous/2018_12_06_2405991/src/products/hls/hls_lib/hlsmath/include/FloatingPoint/hls_pow.h:234) automatically.
INFO: [XFORM 203-602] Inlining function 'pow_reduce::log_range_reduce<ap_fixed<121, 12, (ap_q_mode)5, (ap_o_mode)3, 0>, 32, 6, 77, 72>' into 'pow_reduce::pow_traits<double>::log_range_reduction<71>' (/wrk/2018.3/continuous/2018_12_06_2405991/src/products/hls/hls_lib/hlsmath/include/FloatingPoint/hls_pow.h:236) automatically.
INFO: [XFORM 203-602] Inlining function '_ZN9fp_structIdEC1Ed6' into 'pow_reduce::pow_generic<double>' (/wrk/2018.3/continuous/2018_12_06_2405991/src/products/hls/hls_lib/hlsmath/include/FloatingPoint/hls_pow.h:323) automatically.
INFO: [XFORM 203-602] Inlining function '_ZNK9fp_structIdE4expvEv8' into 'pow_reduce::pow_generic<double>' (/wrk/2018.3/continuous/2018_12_06_2405991/src/products/hls/hls_lib/hlsmath/include/FloatingPoint/hls_pow.h:333) automatically.
INFO: [XFORM 203-602] Inlining function 'generic_isinf<double>' into 'pow_reduce::pow_generic<double>' (/wrk/2018.3/continuous/2018_12_06_2405991/src/products/hls/hls_lib/hlsmath/include/FloatingPoint/hls_pow.h:372) automatically.
INFO: [XFORM 203-602] Inlining function 'generic_isnan<double>' into 'pow_reduce::pow_generic<double>' (/wrk/2018.3/continuous/2018_12_06_2405991/src/products/hls/hls_lib/hlsmath/include/FloatingPoint/hls_pow.h:374) automatically.
INFO: [XFORM 203-602] Inlining function 'pow_reduce::pow_traits<double>::exp_Z1P_m_1' into 'pow_reduce::pow_generic<double>' (/wrk/2018.3/continuous/2018_12_06_2405991/src/products/hls/hls_lib/hlsmath/include/FloatingPoint/hls_pow.h:640) automatically.
INFO: [XFORM 203-602] Inlining function 'pow' into 'std::pow<float, int>' (/u/red22/Xilinx/Vivado_2018.3/Vivado/2018.3/lnx64/tools/gcc/lib/gcc/x86_64-unknown-linux-gnu/4.6.3/../../../../include/c++/4.6.3/cmath:377) automatically.
INFO: [XFORM 203-602] Inlining function 'pow' into 'std::pow<int, int>' (/u/red22/Xilinx/Vivado_2018.3/Vivado/2018.3/lnx64/tools/gcc/lib/gcc/x86_64-unknown-linux-gnu/4.6.3/../../../../include/c++/4.6.3/cmath:377) automatically.
INFO: [XFORM 203-602] Inlining function 'std::pow<float, int>' into 'thresholdOtsu<512, 512>' (segmentation.cpp:78) automatically.
INFO: [XFORM 203-602] Inlining function 'std::pow<int, int>' into 'thresholdOtsu<512, 512>' (segmentation.cpp:78) automatically.
INFO: [XFORM 203-602] Inlining function 'std::pow<int, int>' into 'euclideanDistance' (segmentation.cpp:253) automatically.
INFO: [XFORM 203-602] Inlining function 'euclideanDistance' into 'distanceTransform<512, 512>' (segmentation.cpp:284) automatically.
INFO: [XFORM 203-602] Inlining function 'fp_struct<float>::mantissa' into 'generic_cast_IEEE754<unsigned char, (ap_q_mode)6, float>' (/wrk/2018.3/continuous/2018_12_06_2405991/src/products/hls/hls_lib/hlsmath/include/FloatingPoint/hls_case_IEEE754.h:67) automatically.
INFO: [XFORM 203-602] Inlining function 'fp_struct<float>::expv' into 'generic_cast_IEEE754<unsigned char, (ap_q_mode)6, float>' (/wrk/2018.3/continuous/2018_12_06_2405991/src/products/hls/hls_lib/hlsmath/include/FloatingPoint/hls_case_IEEE754.h:70) automatically.
INFO: [XFORM 203-602] Inlining function 'fp_struct<float>::__signbit' into 'generic_cast_IEEE754<unsigned char, (ap_q_mode)6, float>' (/wrk/2018.3/continuous/2018_12_06_2405991/src/products/hls/hls_lib/hlsmath/include/FloatingPoint/hls_case_IEEE754.h:90) automatically.
INFO: [XFORM 203-602] Inlining function 'generic_cast_IEEE754<unsigned char, (ap_q_mode)6, float>' into 'generic_cast_IEEE754<unsigned char, float>' (/wrk/2018.3/continuous/2018_12_06_2405991/src/products/hls/hls_lib/hlsmath/include/FloatingPoint/hls_case_IEEE754.h:116) automatically.
INFO: [XFORM 203-602] Inlining function 'generic_cast_IEEE754<unsigned char, float>' into '__hls_fptoui_float_i8' (/wrk/2018.3/continuous/2018_12_06_2405991/src/products/hls/hls_lib/hlsmath/src/lib_floatconversion.cpp:62) automatically.
INFO: [XFORM 203-602] Inlining function '__hls_fptoui_float_i8' into 'threshold<512, 512>' (segmentation.cpp:337) automatically.
INFO: [XFORM 203-602] Inlining function 'minMaxLoc<512, 512>' into 'image_segmentation<512, 512>' (segmentation.cpp:605) automatically.
INFO: [XFORM 203-602] Inlining function 'subtractPixels<512, 512>' into 'image_segmentation<512, 512>' (segmentation.cpp:611) automatically.
WARNING: [SYNCHK 200-77] The top function 'imageProcessing' (segmentation.cpp:627) has no outputs. Possible cause(s) are: (1) Output parameters are passed by value; (2) intended outputs (parameters or global variables) are never written; (3) there are infinite loops.
INFO: [SYNCHK 200-10] 0 error(s), 1 warning(s).
INFO: [HLS 200-111] Finished Checking Synthesizability Time (s): cpu = 00:01:03 ; elapsed = 00:01:08 . Memory (MB): peak = 1513.949 ; gain = 978.184 ; free physical = 12054 ; free virtual = 22906
INFO: [XFORM 203-102] Partitioning array 'queue' (segmentation.cpp:480) in dimension 2 automatically.
INFO: [XFORM 203-102] Partitioning array 'neighbours' in dimension 2 automatically.
INFO: [XFORM 203-602] Inlining function '_ZN9fp_structIdEC2Ed10' into '_ZN9fp_structIdEC1Ed6' (/wrk/2018.3/continuous/2018_12_06_2405991/src/products/hls/hls_lib/src/hls/utils/x_hls_utils.h:479) automatically.
INFO: [XFORM 203-602] Inlining function 'fp_struct<double>::data' into 'fp_struct<double>::to_double' (/wrk/2018.3/continuous/2018_12_06_2405991/src/products/hls/hls_lib/src/hls/utils/x_hls_utils.h:512) automatically.
INFO: [XFORM 203-602] Inlining function 'fp_struct<double>::to_double' into 'fp_struct<double>::to_ieee' (/wrk/2018.3/continuous/2018_12_06_2405991/src/products/hls/hls_lib/src/hls/utils/x_hls_utils.h:526) automatically.
INFO: [XFORM 203-602] Inlining function '_ZN9fp_structIdEC1Ed6' into 'generic_copysign<double>' (/wrk/2018.3/continuous/2018_12_06_2405991/src/products/hls/hls_lib/hlsmath/include/FloatingPoint/hls_copysign.h:11) automatically.
INFO: [XFORM 203-602] Inlining function 'fp_struct<double>::to_ieee' into 'generic_copysign<double>' (/wrk/2018.3/continuous/2018_12_06_2405991/src/products/hls/hls_lib/hlsmath/include/FloatingPoint/hls_copysign.h:13) automatically.
INFO: [XFORM 203-602] Inlining function '_ZN9fp_structIdEC1Ed6' into 'generic_round<double>' (/wrk/2018.3/continuous/2018_12_06_2405991/src/products/hls/hls_lib/hlsmath/include/FloatingPoint/hls_round.h:193) automatically.
INFO: [XFORM 203-602] Inlining function 'generic_copysign<double>' into 'generic_round<double>' (/wrk/2018.3/continuous/2018_12_06_2405991/src/products/hls/hls_lib/hlsmath/include/FloatingPoint/hls_round.h:197) automatically.
INFO: [XFORM 203-602] Inlining function 'fp_struct<double>::data' into 'generic_round<double>' (/wrk/2018.3/continuous/2018_12_06_2405991/src/products/hls/hls_lib/hlsmath/include/FloatingPoint/hls_round.h:210) automatically.
INFO: [XFORM 203-602] Inlining function 'fp_struct<double>::to_ieee' into 'generic_round<double>' (/wrk/2018.3/continuous/2018_12_06_2405991/src/products/hls/hls_lib/hlsmath/include/FloatingPoint/hls_round.h:213) automatically.
INFO: [XFORM 203-602] Inlining function 'generic_round<double>' into 'round' (/wrk/2018.3/continuous/2018_12_06_2405991/src/products/hls/hls_lib/hlsmath/src/c/rounddouble.cpp:6) automatically.
INFO: [XFORM 203-602] Inlining function 'fp_struct<double>::mantissa' into 'generic_cast_IEEE754<unsigned char, (ap_q_mode)6, double>' (/wrk/2018.3/continuous/2018_12_06_2405991/src/products/hls/hls_lib/hlsmath/include/FloatingPoint/hls_case_IEEE754.h:67) automatically.
INFO: [XFORM 203-602] Inlining function 'fp_struct<double>::expv' into 'generic_cast_IEEE754<unsigned char, (ap_q_mode)6, double>' (/wrk/2018.3/continuous/2018_12_06_2405991/src/products/hls/hls_lib/hlsmath/include/FloatingPoint/hls_case_IEEE754.h:70) automatically.
INFO: [XFORM 203-602] Inlining function 'generic_cast_IEEE754<unsigned char, (ap_q_mode)6, double>' into 'generic_cast_IEEE754<unsigned char, double>' (/wrk/2018.3/continuous/2018_12_06_2405991/src/products/hls/hls_lib/hlsmath/include/FloatingPoint/hls_case_IEEE754.h:116) automatically.
INFO: [XFORM 203-602] Inlining function 'generic_cast_IEEE754<unsigned char, double>' into '__hls_fptoui_double_i8' (/wrk/2018.3/continuous/2018_12_06_2405991/src/products/hls/hls_lib/hlsmath/src/lib_floatconversion.cpp:66) automatically.
INFO: [XFORM 203-602] Inlining function 'round' into 'RGBtoGray<512, 512>' (segmentation.cpp:37) automatically.
INFO: [XFORM 203-602] Inlining function '__hls_fptoui_double_i8' into 'RGBtoGray<512, 512>' (segmentation.cpp:37) automatically.
INFO: [XFORM 203-602] Inlining function '_ZN9fp_structIdEC1Ed6' into 'generic_isinf<double>' (/wrk/2018.3/continuous/2018_12_06_2405991/src/products/hls/hls_lib/hlsmath/include/FloatingPoint/hls_isinf.h:16) automatically.
INFO: [XFORM 203-602] Inlining function '_ZN9fp_structIdEC1Ed6' into 'generic_isnan<double>' (/wrk/2018.3/continuous/2018_12_06_2405991/src/products/hls/hls_lib/hlsmath/include/FloatingPoint/hls_isnan.h:16) automatically.
INFO: [XFORM 203-602] Inlining function 'pow_reduce::log_range_reduce<ap_fixed<121, 12, (ap_q_mode)5, (ap_o_mode)3, 0>, 4, 4, 71, 73>' into 'pow_reduce::pow_traits<double>::log_range_reduction<71>' (/wrk/2018.3/continuous/2018_12_06_2405991/src/products/hls/hls_lib/hlsmath/include/FloatingPoint/hls_pow.h:224) automatically.
INFO: [XFORM 203-602] Inlining function 'pow_reduce::log_range_reduce<ap_fixed<121, 12, (ap_q_mode)5, (ap_o_mode)3, 0>, 7, 6, 73, 83>' into 'pow_reduce::pow_traits<double>::log_range_reduction<71>' (/wrk/2018.3/continuous/2018_12_06_2405991/src/products/hls/hls_lib/hlsmath/include/FloatingPoint/hls_pow.h:226) automatically.
INFO: [XFORM 203-602] Inlining function 'pow_reduce::log_range_reduce<ap_fixed<121, 12, (ap_q_mode)5, (ap_o_mode)3, 0>, 12, 6, 83, 92>' into 'pow_reduce::pow_traits<double>::log_range_reduction<71>' (/wrk/2018.3/continuous/2018_12_06_2405991/src/products/hls/hls_lib/hlsmath/include/FloatingPoint/hls_pow.h:228) automatically.
INFO: [XFORM 203-602] Inlining function 'pow_reduce::log_range_reduce<ap_fixed<121, 12, (ap_q_mode)5, (ap_o_mode)3, 0>, 17, 6, 92, 87>' into 'pow_reduce::pow_traits<double>::log_range_reduction<71>' (/wrk/2018.3/continuous/2018_12_06_2405991/src/products/hls/hls_lib/hlsmath/include/FloatingPoint/hls_pow.h:230) automatically.
INFO: [XFORM 203-602] Inlining function 'pow_reduce::log_range_reduce<ap_fixed<121, 12, (ap_q_mode)5, (ap_o_mode)3, 0>, 22, 6, 87, 82>' into 'pow_reduce::pow_traits<double>::log_range_reduction<71>' (/wrk/2018.3/continuous/2018_12_06_2405991/src/products/hls/hls_lib/hlsmath/include/FloatingPoint/hls_pow.h:232) automatically.
INFO: [XFORM 203-602] Inlining function 'pow_reduce::log_range_reduce<ap_fixed<121, 12, (ap_q_mode)5, (ap_o_mode)3, 0>, 27, 6, 82, 77>' into 'pow_reduce::pow_traits<double>::log_range_reduction<71>' (/wrk/2018.3/continuous/2018_12_06_2405991/src/products/hls/hls_lib/hlsmath/include/FloatingPoint/hls_pow.h:234) automatically.
INFO: [XFORM 203-602] Inlining function 'pow_reduce::log_range_reduce<ap_fixed<121, 12, (ap_q_mode)5, (ap_o_mode)3, 0>, 32, 6, 77, 72>' into 'pow_reduce::pow_traits<double>::log_range_reduction<71>' (/wrk/2018.3/continuous/2018_12_06_2405991/src/products/hls/hls_lib/hlsmath/include/FloatingPoint/hls_pow.h:236) automatically.
INFO: [XFORM 203-602] Inlining function '_ZN9fp_structIdEC1Ed6' into 'pow_reduce::pow_generic<double>' (/wrk/2018.3/continuous/2018_12_06_2405991/src/products/hls/hls_lib/hlsmath/include/FloatingPoint/hls_pow.h:323) automatically.
INFO: [XFORM 203-602] Inlining function '_ZNK9fp_structIdE4expvEv8' into 'pow_reduce::pow_generic<double>' (/wrk/2018.3/continuous/2018_12_06_2405991/src/products/hls/hls_lib/hlsmath/include/FloatingPoint/hls_pow.h:333) automatically.
INFO: [XFORM 203-602] Inlining function 'generic_isinf<double>' into 'pow_reduce::pow_generic<double>' (/wrk/2018.3/continuous/2018_12_06_2405991/src/products/hls/hls_lib/hlsmath/include/FloatingPoint/hls_pow.h:372) automatically.
INFO: [XFORM 203-602] Inlining function 'generic_isnan<double>' into 'pow_reduce::pow_generic<double>' (/wrk/2018.3/continuous/2018_12_06_2405991/src/products/hls/hls_lib/hlsmath/include/FloatingPoint/hls_pow.h:374) automatically.
INFO: [XFORM 203-602] Inlining function 'fp_struct<double>::to_ieee' into 'pow_reduce::pow_generic<double>' (/wrk/2018.3/continuous/2018_12_06_2405991/src/products/hls/hls_lib/hlsmath/include/FloatingPoint/hls_pow.h:411) automatically.
INFO: [XFORM 203-602] Inlining function 'pow_reduce::pow_traits<double>::exp_Z1P_m_1' into 'pow_reduce::pow_generic<double>' (/wrk/2018.3/continuous/2018_12_06_2405991/src/products/hls/hls_lib/hlsmath/include/FloatingPoint/hls_pow.h:640) automatically.
INFO: [XFORM 203-602] Inlining function 'pow' into 'std::pow<float, int>' (/u/red22/Xilinx/Vivado_2018.3/Vivado/2018.3/lnx64/tools/gcc/lib/gcc/x86_64-unknown-linux-gnu/4.6.3/../../../../include/c++/4.6.3/cmath:377) automatically.
INFO: [XFORM 203-602] Inlining function 'pow' into 'std::pow<int, int>' (/u/red22/Xilinx/Vivado_2018.3/Vivado/2018.3/lnx64/tools/gcc/lib/gcc/x86_64-unknown-linux-gnu/4.6.3/../../../../include/c++/4.6.3/cmath:377) automatically.
INFO: [XFORM 203-602] Inlining function 'std::pow<float, int>' into 'thresholdOtsu<512, 512>' (segmentation.cpp:78) automatically.
INFO: [XFORM 203-602] Inlining function 'std::pow<int, int>' into 'thresholdOtsu<512, 512>' (segmentation.cpp:78) automatically.
INFO: [XFORM 203-602] Inlining function 'std::pow<int, int>' into 'euclideanDistance' (segmentation.cpp:253) automatically.
INFO: [XFORM 203-602] Inlining function 'euclideanDistance' into 'distanceTransform<512, 512>' (segmentation.cpp:284) automatically.
INFO: [XFORM 203-602] Inlining function 'fp_struct<float>::mantissa' into 'generic_cast_IEEE754<unsigned char, (ap_q_mode)6, float>' (/wrk/2018.3/continuous/2018_12_06_2405991/src/products/hls/hls_lib/hlsmath/include/FloatingPoint/hls_case_IEEE754.h:67) automatically.
INFO: [XFORM 203-602] Inlining function 'fp_struct<float>::expv' into 'generic_cast_IEEE754<unsigned char, (ap_q_mode)6, float>' (/wrk/2018.3/continuous/2018_12_06_2405991/src/products/hls/hls_lib/hlsmath/include/FloatingPoint/hls_case_IEEE754.h:70) automatically.
INFO: [XFORM 203-602] Inlining function 'generic_cast_IEEE754<unsigned char, (ap_q_mode)6, float>' into 'generic_cast_IEEE754<unsigned char, float>' (/wrk/2018.3/continuous/2018_12_06_2405991/src/products/hls/hls_lib/hlsmath/include/FloatingPoint/hls_case_IEEE754.h:116) automatically.
INFO: [XFORM 203-602] Inlining function 'generic_cast_IEEE754<unsigned char, float>' into '__hls_fptoui_float_i8' (/wrk/2018.3/continuous/2018_12_06_2405991/src/products/hls/hls_lib/hlsmath/src/lib_floatconversion.cpp:62) automatically.
INFO: [XFORM 203-602] Inlining function '__hls_fptoui_float_i8' into 'threshold<512, 512>' (segmentation.cpp:337) automatically.
INFO: [XFORM 203-602] Inlining function 'minMaxLoc<512, 512>' into 'image_segmentation<512, 512>' (segmentation.cpp:605) automatically.
INFO: [XFORM 203-602] Inlining function 'threshold<512, 512>' into 'image_segmentation<512, 512>' (segmentation.cpp:608) automatically.
INFO: [XFORM 203-602] Inlining function 'subtractPixels<512, 512>' into 'image_segmentation<512, 512>' (segmentation.cpp:611) automatically.
INFO: [XFORM 203-401] Performing if-conversion on hyperblock from (segmentation.cpp:518:17) to (segmentation.cpp:521:17) in function 'watershed_algorithm<512, 512>'... converting 3 basic blocks.
INFO: [XFORM 203-401] Performing if-conversion on hyperblock from (segmentation.cpp:533:9) in function 'watershed_algorithm<512, 512>'... converting 4 basic blocks.
INFO: [XFORM 203-401] Performing if-conversion on hyperblock from (/wrk/2018.3/continuous/2018_12_06_2405991/src/products/hls/hls_lib/hlsmath/include/FloatingPoint/hls_pow.h:319:19) to (/wrk/2018.3/continuous/2018_12_06_2405991/src/products/hls/hls_lib/hlsmath/include/FloatingPoint/hls_pow.h:406:5) in function 'pow_reduce::pow_generic<double>'... converting 6 basic blocks.
INFO: [XFORM 203-401] Performing if-conversion on hyperblock from (/wrk/2018.3/continuous/2018_12_06_2405991/src/products/hls/hls_lib/hlsmath/include/FloatingPoint/hls_pow.h:449:5) to (/wrk/2018.3/continuous/2018_12_06_2405991/src/products/hls/hls_lib/hlsmath/include/FloatingPoint/hls_pow.h:455:5) in function 'pow_reduce::pow_generic<double>'... converting 4 basic blocks.
INFO: [XFORM 203-401] Performing if-conversion on hyperblock from (/wrk/2018.3/continuous/2018_12_06_2405991/src/products/hls/hls_lib/hlsmath/include/FloatingPoint/hls_pow.h:487:26) to (/wrk/2018.3/continuous/2018_12_06_2405991/src/products/hls/hls_lib/hlsmath/include/FloatingPoint/hls_pow.h:656:5) in function 'pow_reduce::pow_generic<double>'... converting 9 basic blocks.
INFO: [XFORM 203-401] Performing if-conversion on hyperblock from (segmentation.cpp:157:43) to (segmentation.cpp:156:50) in function 'morphologyEx<512, 512, 0, 3, 2>'... converting 3 basic blocks.
INFO: [XFORM 203-401] Performing if-conversion on hyperblock from (segmentation.cpp:180:47) to (segmentation.cpp:179:54) in function 'morphologyEx<512, 512, 0, 3, 2>'... converting 3 basic blocks.
INFO: [XFORM 203-401] Performing if-conversion on hyperblock from (segmentation.cpp:222:51) to (segmentation.cpp:221:50) in function 'dilate<512, 512, 3, 3, 2>'... converting 3 basic blocks.
INFO: [XFORM 203-401] Performing if-conversion on hyperblock from (segmentation.cpp:389:58) to (segmentation.cpp:391:17) in function 'connectedComponents<512, 512>'... converting 5 basic blocks.
INFO: [XFORM 203-401] Performing if-conversion on hyperblock from (segmentation.cpp:32:38) to (segmentation.cpp:30:36) in function 'RGBtoGray<512, 512>'... converting 5 basic blocks.
INFO: [XFORM 203-602] Inlining function 'pow_reduce::pow_traits<double>::log_range_reduction<71>' into 'pow_reduce::pow_generic<double>' (/wrk/2018.3/continuous/2018_12_06_2405991/src/products/hls/hls_lib/hlsmath/include/FloatingPoint/hls_pow.h:547) automatically.
INFO: [XFORM 203-602] Inlining function 'makeBoundary<512, 512>' into 'image_segmentation<512, 512>' (segmentation.cpp:624) automatically.
INFO: [XFORM 203-11] Balancing expressions in function 'watershed_algorithm<512, 512>' (segmentation.cpp:480:17)...3 expression(s) balanced.
INFO: [XFORM 203-11] Balancing expressions in function 'pow_reduce::pow_generic<double>' (/wrk/2018.3/continuous/2018_12_06_2405991/src/products/hls/hls_lib/hlsmath/include/FloatingPoint/hls_pow.h:319)...7 expression(s) balanced.
INFO: [XFORM 203-11] Balancing expressions in function 'morphologyEx<512, 512, 0, 3, 2>' (segmentation.cpp:118)...6 expression(s) balanced.
INFO: [HLS 200-111] Finished Pre-synthesis Time (s): cpu = 00:01:51 ; elapsed = 00:01:57 . Memory (MB): peak = 1513.949 ; gain = 978.184 ; free physical = 20430 ; free virtual = 34083
INFO: [XFORM 203-603] Evaluating the output(s) of a call to function 'pow_reduce::pow_generic<double>' (/wrk/2018.3/continuous/2018_12_06_2405991/src/products/hls/hls_lib/hlsmath/src/c/powdouble.cpp:6:12) in function 'distanceTransform<512, 512>' and propagating its result(s) since all actual argument(s) to the function are constants.
INFO: [XFORM 203-603] Evaluating the output(s) of a call to function 'pow_reduce::pow_generic<double>' (/wrk/2018.3/continuous/2018_12_06_2405991/src/products/hls/hls_lib/hlsmath/src/c/powdouble.cpp:6:12) in function 'thresholdOtsu<512, 512>' and propagating its result(s) since all actual argument(s) to the function are constants.
WARNING: [XFORM 203-631] Renaming function 'watershed_algorithm<512, 512>' to 'watershed_algorithm' (segmentation.cpp:480:17)
WARNING: [XFORM 203-631] Renaming function 'thresholdOtsu<512, 512>' to 'thresholdOtsu' (segmentation.cpp:52:32)
WARNING: [XFORM 203-631] Renaming function 'morphologyEx<512, 512, 0, 3, 2>' to 'morphologyEx' (segmentation.cpp:152:54)
WARNING: [XFORM 203-631] Renaming function 'image_segmentation<512, 512>' to 'image_segmentation' (segmentation.cpp:67:31)
WARNING: [XFORM 203-631] Renaming function 'distanceTransform<512, 512>' to 'distanceTransform' (segmentation.cpp:266:13)
WARNING: [XFORM 203-631] Renaming function 'dilate<512, 512, 3, 3, 2>' to 'dilate' (segmentation.cpp:207:50)
WARNING: [XFORM 203-631] Renaming function 'connectedComponents<512, 512>' to 'connectedComponents' (segmentation.cpp:374:29)
INFO: [HLS 200-111] Finished Architecture Synthesis Time (s): cpu = 00:02:09 ; elapsed = 00:02:15 . Memory (MB): peak = 1513.949 ; gain = 978.184 ; free physical = 20424 ; free virtual = 34083
INFO: [HLS 200-10] Starting hardware synthesis ...
INFO: [HLS 200-10] Synthesizing 'imageProcessing' ...
WARNING: [SYN 201-103] Legalizing function name 'RGBtoGray<512, 512>2' to 'RGBtoGray_512_512_2'.
INFO: [HLS 200-10] ----------------------------------------------------------------
INFO: [HLS 200-42] -- Implementing module 'RGBtoGray_512_512_2' 
INFO: [HLS 200-10] ----------------------------------------------------------------
INFO: [SCHED 204-11] Starting scheduling ...
INFO: [SCHED 204-11] Finished scheduling.
INFO: [HLS 200-111]  Elapsed time: 135.54 seconds; current allocated memory: 772.728 MB.
INFO: [HLS 200-434] Only 0 loops out of a total 2 loops have been pipelined in this design.
INFO: [BIND 205-100] Starting micro-architecture generation ...
INFO: [BIND 205-101] Performing variable lifetime analysis.
INFO: [BIND 205-101] Exploring resource sharing.
INFO: [BIND 205-101] Binding ...
INFO: [BIND 205-100] Finished micro-architecture generation.
INFO: [HLS 200-111]  Elapsed time: 0.37 seconds; current allocated memory: 773.237 MB.
INFO: [HLS 200-10] ----------------------------------------------------------------
INFO: [HLS 200-42] -- Implementing module 'thresholdOtsu' 
INFO: [HLS 200-10] ----------------------------------------------------------------
INFO: [SCHED 204-11] Starting scheduling ...
INFO: [SCHED 204-11] Finished scheduling.
INFO: [HLS 200-111]  Elapsed time: 0.63 seconds; current allocated memory: 773.892 MB.
INFO: [BIND 205-100] Starting micro-architecture generation ...
INFO: [BIND 205-101] Performing variable lifetime analysis.
INFO: [BIND 205-101] Exploring resource sharing.
INFO: [BIND 205-101] Binding ...
INFO: [BIND 205-100] Finished micro-architecture generation.
INFO: [HLS 200-111]  Elapsed time: 0.36 seconds; current allocated memory: 774.407 MB.
INFO: [HLS 200-10] ----------------------------------------------------------------
INFO: [HLS 200-42] -- Implementing module 'morphologyEx' 
INFO: [HLS 200-10] ----------------------------------------------------------------
INFO: [SCHED 204-11] Starting scheduling ...
INFO: [SCHED 204-11] Finished scheduling.
INFO: [HLS 200-111]  Elapsed time: 0.64 seconds; current allocated memory: 774.966 MB.
INFO: [BIND 205-100] Starting micro-architecture generation ...
INFO: [BIND 205-101] Performing variable lifetime analysis.
INFO: [BIND 205-101] Exploring resource sharing.
INFO: [BIND 205-101] Binding ...
INFO: [BIND 205-100] Finished micro-architecture generation.
INFO: [HLS 200-111]  Elapsed time: 0.35 seconds; current allocated memory: 775.595 MB.
INFO: [HLS 200-10] ----------------------------------------------------------------
INFO: [HLS 200-42] -- Implementing module 'dilate' 
INFO: [HLS 200-10] ----------------------------------------------------------------
INFO: [SCHED 204-11] Starting scheduling ...
INFO: [SCHED 204-11] Finished scheduling.
INFO: [HLS 200-111]  Elapsed time: 0.73 seconds; current allocated memory: 775.991 MB.
INFO: [BIND 205-100] Starting micro-architecture generation ...
INFO: [BIND 205-101] Performing variable lifetime analysis.
INFO: [BIND 205-101] Exploring resource sharing.
INFO: [BIND 205-101] Binding ...
INFO: [BIND 205-100] Finished micro-architecture generation.
INFO: [HLS 200-111]  Elapsed time: 0.29 seconds; current allocated memory: 776.427 MB.
INFO: [HLS 200-10] ----------------------------------------------------------------
INFO: [HLS 200-42] -- Implementing module 'distanceTransform' 
INFO: [HLS 200-10] ----------------------------------------------------------------
INFO: [SCHED 204-11] Starting scheduling ...
INFO: [SCHED 204-11] Finished scheduling.
INFO: [HLS 200-111]  Elapsed time: 0.69 seconds; current allocated memory: 777.239 MB.
INFO: [BIND 205-100] Starting micro-architecture generation ...
INFO: [BIND 205-101] Performing variable lifetime analysis.
INFO: [BIND 205-101] Exploring resource sharing.
INFO: [BIND 205-101] Binding ...
INFO: [BIND 205-100] Finished micro-architecture generation.
INFO: [HLS 200-111]  Elapsed time: 0.62 seconds; current allocated memory: 778.198 MB.
INFO: [HLS 200-10] ----------------------------------------------------------------
INFO: [HLS 200-42] -- Implementing module 'connectedComponents' 
INFO: [HLS 200-10] ----------------------------------------------------------------
INFO: [SCHED 204-11] Starting scheduling ...
INFO: [SCHED 204-11] Finished scheduling.
INFO: [HLS 200-111]  Elapsed time: 1.04 seconds; current allocated memory: 778.774 MB.
INFO: [BIND 205-100] Starting micro-architecture generation ...
INFO: [BIND 205-101] Performing variable lifetime analysis.
INFO: [BIND 205-101] Exploring resource sharing.
INFO: [BIND 205-101] Binding ...
INFO: [BIND 205-100] Finished micro-architecture generation.
INFO: [HLS 200-111]  Elapsed time: 0.4 seconds; current allocated memory: 779.401 MB.
INFO: [HLS 200-10] ----------------------------------------------------------------
INFO: [HLS 200-42] -- Implementing module 'watershed_algorithm' 
INFO: [HLS 200-10] ----------------------------------------------------------------
INFO: [SCHED 204-11] Starting scheduling ...
INFO: [SCHED 204-11] Finished scheduling.
INFO: [HLS 200-111]  Elapsed time: 0.67 seconds; current allocated memory: 779.864 MB.
INFO: [BIND 205-100] Starting micro-architecture generation ...
INFO: [BIND 205-101] Performing variable lifetime analysis.
INFO: [BIND 205-101] Exploring resource sharing.
INFO: [BIND 205-101] Binding ...
INFO: [BIND 205-100] Finished micro-architecture generation.
INFO: [HLS 200-111]  Elapsed time: 0.4 seconds; current allocated memory: 780.502 MB.
INFO: [HLS 200-10] ----------------------------------------------------------------
INFO: [HLS 200-42] -- Implementing module 'image_segmentation' 
INFO: [HLS 200-10] ----------------------------------------------------------------
INFO: [SCHED 204-11] Starting scheduling ...
INFO: [SCHED 204-11] Finished scheduling.
INFO: [HLS 200-111]  Elapsed time: 0.69 seconds; current allocated memory: 781.056 MB.
INFO: [BIND 205-100] Starting micro-architecture generation ...
INFO: [BIND 205-101] Performing variable lifetime analysis.
INFO: [BIND 205-101] Exploring resource sharing.
INFO: [BIND 205-101] Binding ...
INFO: [BIND 205-100] Finished micro-architecture generation.
INFO: [HLS 200-111]  Elapsed time: 3.97 seconds; current allocated memory: 782.203 MB.
INFO: [HLS 200-10] ----------------------------------------------------------------
INFO: [HLS 200-42] -- Implementing module 'imageProcessing' 
INFO: [HLS 200-10] ----------------------------------------------------------------
INFO: [SCHED 204-11] Starting scheduling ...
INFO: [SCHED 204-11] Finished scheduling.
INFO: [HLS 200-111]  Elapsed time: 2.47 seconds; current allocated memory: 782.653 MB.
INFO: [BIND 205-100] Starting micro-architecture generation ...
INFO: [BIND 205-101] Performing variable lifetime analysis.
INFO: [BIND 205-101] Exploring resource sharing.
INFO: [BIND 205-101] Binding ...
INFO: [BIND 205-100] Finished micro-architecture generation.
INFO: [HLS 200-111]  Elapsed time: 1.06 seconds; current allocated memory: 782.909 MB.
INFO: [HLS 200-10] ----------------------------------------------------------------
INFO: [HLS 200-10] -- Generating RTL for module 'RGBtoGray_512_512_2' 
INFO: [HLS 200-10] ----------------------------------------------------------------
INFO: [RTGEN 206-100] Generating core module 'imageProcessing_dadd_64ns_64ns_64_6_full_dsp_1': 1 instance(s).
INFO: [RTGEN 206-100] Generating core module 'imageProcessing_dmul_64ns_64ns_64_6_max_dsp_1': 1 instance(s).
INFO: [RTGEN 206-100] Generating core module 'imageProcessing_sitodp_32ns_64_5_1': 1 instance(s).
INFO: [RTGEN 206-100] Finished creating RTL model for 'RGBtoGray_512_512_2'.
INFO: [HLS 200-111]  Elapsed time: 2.37 seconds; current allocated memory: 784.184 MB.
INFO: [HLS 200-10] ----------------------------------------------------------------
INFO: [HLS 200-10] -- Generating RTL for module 'thresholdOtsu' 
INFO: [HLS 200-10] ----------------------------------------------------------------
INFO: [RTGEN 206-100] Generating core module 'imageProcessing_fadd_32ns_32ns_32_5_full_dsp_1': 1 instance(s).
INFO: [RTGEN 206-100] Generating core module 'imageProcessing_fcmp_32ns_32ns_1_1_1': 1 instance(s).
INFO: [RTGEN 206-100] Generating core module 'imageProcessing_fmul_32ns_32ns_32_4_max_dsp_1': 1 instance(s).
INFO: [RTGEN 206-100] Generating core module 'imageProcessing_sitofp_32ns_32_5_1': 1 instance(s).
INFO: [RTGEN 206-100] Finished creating RTL model for 'thresholdOtsu'.
INFO: [HLS 200-111]  Elapsed time: 0.92 seconds; current allocated memory: 786.769 MB.
INFO: [HLS 200-10] ----------------------------------------------------------------
INFO: [HLS 200-10] -- Generating RTL for module 'morphologyEx' 
INFO: [HLS 200-10] ----------------------------------------------------------------
INFO: [RTGEN 206-100] Finished creating RTL model for 'morphologyEx'.
INFO: [HLS 200-111]  Elapsed time: 1.05 seconds; current allocated memory: 789.941 MB.
INFO: [HLS 200-10] ----------------------------------------------------------------
INFO: [HLS 200-10] -- Generating RTL for module 'dilate' 
INFO: [HLS 200-10] ----------------------------------------------------------------
INFO: [RTGEN 206-100] Finished creating RTL model for 'dilate'.
INFO: [HLS 200-111]  Elapsed time: 1.33 seconds; current allocated memory: 793.528 MB.
INFO: [HLS 200-10] ----------------------------------------------------------------
INFO: [HLS 200-10] -- Generating RTL for module 'distanceTransform' 
INFO: [HLS 200-10] ----------------------------------------------------------------
INFO: [RTGEN 206-100] Generating core module 'imageProcessing_dadd_64ns_64ns_64_6_full_dsp_1': 1 instance(s).
INFO: [RTGEN 206-100] Generating core module 'imageProcessing_dcmp_64ns_64ns_1_1_1': 1 instance(s).
INFO: [RTGEN 206-100] Generating core module 'imageProcessing_fadd_32ns_32ns_32_5_full_dsp_1': 1 instance(s).
INFO: [RTGEN 206-100] Generating core module 'imageProcessing_fcmp_32ns_32ns_1_1_1': 1 instance(s).
INFO: [RTGEN 206-100] Generating core module 'imageProcessing_fpext_32ns_64_1_1': 1 instance(s).
INFO: [RTGEN 206-100] Generating core module 'imageProcessing_fptrunc_64ns_32_1_1': 1 instance(s).
INFO: [RTGEN 206-100] Finished creating RTL model for 'distanceTransform'.
INFO: [HLS 200-111]  Elapsed time: 1.02 seconds; current allocated memory: 797.183 MB.
INFO: [HLS 200-10] ----------------------------------------------------------------
INFO: [HLS 200-10] -- Generating RTL for module 'connectedComponents' 
INFO: [HLS 200-10] ----------------------------------------------------------------
INFO: [RTGEN 206-100] Finished creating RTL model for 'connectedComponents'.
INFO: [HLS 200-111]  Elapsed time: 1.89 seconds; current allocated memory: 802.183 MB.
INFO: [HLS 200-10] ----------------------------------------------------------------
INFO: [HLS 200-10] -- Generating RTL for module 'watershed_algorithm' 
INFO: [HLS 200-10] ----------------------------------------------------------------
INFO: [RTGEN 206-100] Finished creating RTL model for 'watershed_algorithm'.
INFO: [HLS 200-111]  Elapsed time: 1.36 seconds; current allocated memory: 805.889 MB.
INFO: [HLS 200-10] ----------------------------------------------------------------
INFO: [HLS 200-10] -- Generating RTL for module 'image_segmentation' 
INFO: [HLS 200-10] ----------------------------------------------------------------
INFO: [RTGEN 206-100] Generating core module 'imageProcessing_fcmp_32ns_32ns_1_1_1': 1 instance(s).
INFO: [RTGEN 206-100] Generating core module 'imageProcessing_fmul_32ns_32ns_32_4_max_dsp_1': 1 instance(s).
INFO: [RTGEN 206-100] Generating core module 'imageProcessing_sitofp_32ns_32_5_1': 1 instance(s).
INFO: [RTGEN 206-100] Finished creating RTL model for 'image_segmentation'.
INFO: [HLS 200-111]  Elapsed time: 1.39 seconds; current allocated memory: 810.098 MB.
INFO: [HLS 200-10] ----------------------------------------------------------------
INFO: [HLS 200-10] -- Generating RTL for module 'imageProcessing' 
INFO: [HLS 200-10] ----------------------------------------------------------------
INFO: [RTGEN 206-500] Setting interface mode on function 'imageProcessing' to 'ap_ctrl_hs'.
INFO: [RTGEN 206-100] Finished creating RTL model for 'imageProcessing'.
INFO: [HLS 200-111]  Elapsed time: 3.1 seconds; current allocated memory: 813.730 MB.
INFO: [RTMG 210-279] Implementing memory 'RGBtoGray_512_512_2_mask_table1_rom' using auto ROMs.
INFO: [RTMG 210-279] Implementing memory 'RGBtoGray_512_512_2_one_half_table2_rom' using auto ROMs.
INFO: [RTMG 210-279] Implementing memory 'thresholdOtsu_variance_rom' using auto ROMs.
INFO: [RTMG 210-278] Implementing memory 'thresholdOtsu_histogram_ram (RAM)' using block RAMs.
INFO: [RTMG 210-278] Implementing memory 'morphologyEx_temp_ram (RAM)' using block RAMs.
INFO: [RTMG 210-279] Implementing memory 'dilate_imKernel_rom' using distributed ROMs.
INFO: [RTMG 210-278] Implementing memory 'dilate_sureBackground_ram (RAM)' using block RAMs with power-on initialization.
INFO: [RTMG 210-278] Implementing memory 'connectedComponents_markersGen_ram (RAM)' using block RAMs with power-on initialization.
INFO: [RTMG 210-278] Implementing memory 'connectedComponents_equivLabels_parent_ram (RAM)' using block RAMs.
INFO: [RTMG 210-278] Implementing memory 'connectedComponents_equivLabels_child_ram (RAM)' using block RAMs.
INFO: [RTMG 210-278] Implementing memory 'watershed_algorithm_watershedOutput_ram (RAM)' using block RAMs with power-on initialization.
INFO: [RTMG 210-279] Implementing memory 'watershed_algorithm_neighbours_0_rom' using distributed ROMs.
INFO: [RTMG 210-279] Implementing memory 'watershed_algorithm_neighbours_1_rom' using distributed ROMs.
INFO: [RTMG 210-278] Implementing memory 'image_segmentation_binaryThreshold_ram (RAM)' using block RAMs with power-on initialization.
INFO: [RTMG 210-278] Implementing memory 'image_segmentation_distanceTransformOut_ram (RAM)' using block RAMs with power-on initialization.
INFO: [RTMG 210-278] Implementing memory 'imageProcessing_inputImage_r_ram (RAM)' using block RAMs.
INFO: [RTMG 210-278] Implementing memory 'imageProcessing_finalOutputImage_r_ram (RAM)' using block RAMs.
INFO: [HLS 200-111] Finished generating all RTL models Time (s): cpu = 00:02:28 ; elapsed = 00:02:59 . Memory (MB): peak = 1513.949 ; gain = 978.184 ; free physical = 20385 ; free virtual = 34069
INFO: [SYSC 207-301] Generating SystemC RTL for imageProcessing.
INFO: [VHDL 208-304] Generating VHDL RTL for imageProcessing.
INFO: [VLOG 209-307] Generating Verilog RTL for imageProcessing.
INFO: [HLS 200-112] Total elapsed time: 179.7 seconds; peak allocated memory: 813.730 MB.
