INFO: [HLS 200-10] Running '/u/red22/Xilinx/Vivado_2018.3/Vivado/2018.3/bin/unwrapped/lnx64.o/vivado_hls'
INFO: [HLS 200-10] For user 'rijain' on host 'orw-rijain-vm.wv.mentorg.com' (Linux_x86_64 version 3.10.0-1160.83.1.el7.x86_64) on Sun Apr 23 06:54:20 PDT 2023
INFO: [HLS 200-10] On os "Red Hat Enterprise Linux Workstation release 7.9 (Maipo)"
INFO: [HLS 200-10] In directory '/home/rijain/Workspace/Watershed/cpp/new'
INFO: [HLS 200-10] Opening project '/home/rijain/Workspace/Watershed/cpp/new/sample'.
INFO: [HLS 200-10] Opening solution '/home/rijain/Workspace/Watershed/cpp/new/sample/solution1'.
INFO: [SYN 201-201] Setting up clock 'default' with a period of 10ns.
INFO: [HLS 200-10] Setting target device to 'xa7a12tcsg325-1q'
INFO: [IMPL 213-8] Exporting RTL as a Vivado IP.

****** Vivado v2018.3 (64-bit)
  **** SW Build 2405991 on Thu Dec  6 23:36:41 MST 2018
  **** IP Build 2404404 on Fri Dec  7 01:43:56 MST 2018
    ** Copyright 1986-2018 Xilinx, Inc. All Rights Reserved.

source run_ippack.tcl -notrace
INFO: [IP_Flow 19-234] Refreshing IP repositories
INFO: [IP_Flow 19-1704] No user IP repositories specified
INFO: [IP_Flow 19-2313] Loaded Vivado IP repository '/u/red22/Xilinx/Vivado_2018.3/Vivado/2018.3/data/ip'.
WARNING: [IP_Flow 19-4832] The IP name 'imageProcessing_ap_dadd_4_full_dsp_64' you have specified is long. The Windows operating system has path length limitations. It is recommended you use shorter names to reduce the likelihood of issues.
INFO: [IP_Flow 19-1686] Generating 'Synthesis' target for IP 'imageProcessing_ap_dadd_4_full_dsp_64'...
INFO: [IP_Flow 19-1686] Generating 'Simulation' target for IP 'imageProcessing_ap_dadd_4_full_dsp_64'...
WARNING: [IP_Flow 19-4832] The IP name 'imageProcessing_ap_dcmp_0_no_dsp_64' you have specified is long. The Windows operating system has path length limitations. It is recommended you use shorter names to reduce the likelihood of issues.
INFO: [IP_Flow 19-1686] Generating 'Synthesis' target for IP 'imageProcessing_ap_dcmp_0_no_dsp_64'...
INFO: [IP_Flow 19-1686] Generating 'Simulation' target for IP 'imageProcessing_ap_dcmp_0_no_dsp_64'...
WARNING: [IP_Flow 19-4832] The IP name 'imageProcessing_ap_dmul_4_max_dsp_64' you have specified is long. The Windows operating system has path length limitations. It is recommended you use shorter names to reduce the likelihood of issues.
INFO: [IP_Flow 19-1686] Generating 'Synthesis' target for IP 'imageProcessing_ap_dmul_4_max_dsp_64'...
INFO: [IP_Flow 19-1686] Generating 'Simulation' target for IP 'imageProcessing_ap_dmul_4_max_dsp_64'...
WARNING: [IP_Flow 19-4832] The IP name 'imageProcessing_ap_fadd_3_full_dsp_32' you have specified is long. The Windows operating system has path length limitations. It is recommended you use shorter names to reduce the likelihood of issues.
INFO: [IP_Flow 19-1686] Generating 'Synthesis' target for IP 'imageProcessing_ap_fadd_3_full_dsp_32'...
INFO: [IP_Flow 19-1686] Generating 'Simulation' target for IP 'imageProcessing_ap_fadd_3_full_dsp_32'...
WARNING: [IP_Flow 19-4832] The IP name 'imageProcessing_ap_fcmp_0_no_dsp_32' you have specified is long. The Windows operating system has path length limitations. It is recommended you use shorter names to reduce the likelihood of issues.
INFO: [IP_Flow 19-1686] Generating 'Synthesis' target for IP 'imageProcessing_ap_fcmp_0_no_dsp_32'...
INFO: [IP_Flow 19-1686] Generating 'Simulation' target for IP 'imageProcessing_ap_fcmp_0_no_dsp_32'...
WARNING: [IP_Flow 19-4832] The IP name 'imageProcessing_ap_fmul_2_max_dsp_32' you have specified is long. The Windows operating system has path length limitations. It is recommended you use shorter names to reduce the likelihood of issues.
INFO: [IP_Flow 19-1686] Generating 'Synthesis' target for IP 'imageProcessing_ap_fmul_2_max_dsp_32'...
INFO: [IP_Flow 19-1686] Generating 'Simulation' target for IP 'imageProcessing_ap_fmul_2_max_dsp_32'...
WARNING: [IP_Flow 19-4832] The IP name 'imageProcessing_ap_fpext_0_no_dsp_32' you have specified is long. The Windows operating system has path length limitations. It is recommended you use shorter names to reduce the likelihood of issues.
INFO: [IP_Flow 19-1686] Generating 'Synthesis' target for IP 'imageProcessing_ap_fpext_0_no_dsp_32'...
INFO: [IP_Flow 19-1686] Generating 'Simulation' target for IP 'imageProcessing_ap_fpext_0_no_dsp_32'...
WARNING: [IP_Flow 19-4832] The IP name 'imageProcessing_ap_fptrunc_0_no_dsp_64' you have specified is long. The Windows operating system has path length limitations. It is recommended you use shorter names to reduce the likelihood of issues.
INFO: [IP_Flow 19-1686] Generating 'Synthesis' target for IP 'imageProcessing_ap_fptrunc_0_no_dsp_64'...
INFO: [IP_Flow 19-1686] Generating 'Simulation' target for IP 'imageProcessing_ap_fptrunc_0_no_dsp_64'...
WARNING: [IP_Flow 19-4832] The IP name 'imageProcessing_ap_sitodp_3_no_dsp_32' you have specified is long. The Windows operating system has path length limitations. It is recommended you use shorter names to reduce the likelihood of issues.
INFO: [IP_Flow 19-1686] Generating 'Synthesis' target for IP 'imageProcessing_ap_sitodp_3_no_dsp_32'...
INFO: [IP_Flow 19-1686] Generating 'Simulation' target for IP 'imageProcessing_ap_sitodp_3_no_dsp_32'...
WARNING: [IP_Flow 19-4832] The IP name 'imageProcessing_ap_sitofp_3_no_dsp_32' you have specified is long. The Windows operating system has path length limitations. It is recommended you use shorter names to reduce the likelihood of issues.
INFO: [IP_Flow 19-1686] Generating 'Synthesis' target for IP 'imageProcessing_ap_sitofp_3_no_dsp_32'...
INFO: [IP_Flow 19-1686] Generating 'Simulation' target for IP 'imageProcessing_ap_sitofp_3_no_dsp_32'...
bad lexical cast: source type value could not be interpreted as target
    while executing
"rdi::set_property core_revision 2304230654 {component component_1}"
    invoked from within
"set_property core_revision $Revision $core"
    (file "run_ippack.tcl" line 790)
INFO: [Common 17-206] Exiting Vivado at Sun Apr 23 06:55:11 2023...
ERROR: [IMPL 213-28] Failed to generate IP.
command 'ap_source' returned error code
    while executing
"source /home/rijain/Workspace/Watershed/cpp/new/sample/solution1/export.tcl"
    invoked from within
"hls::main /home/rijain/Workspace/Watershed/cpp/new/sample/solution1/export.tcl"
    ("uplevel" body line 1)
    invoked from within
"uplevel 1 hls::main {*}$args"
    (procedure "hls_proc" line 5)
    invoked from within
"hls_proc $argv"
